e:\programação\(cg)trabalhograua\(cg)trabalhograua\x64\debug\vc143.pdb
e:\programação\(cg)trabalhograua\(cg)trabalhograua\x64\debug\vc143.idb
e:\programação\(cg)trabalhograua\(cg)trabalhograua\x64\debug\(cg)trabalhograua.obj
e:\programação\(cg)trabalhograua\(cg)trabalhograua\x64\debug\star.obj
e:\programação\(cg)trabalhograua\(cg)trabalhograua\x64\debug\spiral.obj
e:\programação\(cg)trabalhograua\(cg)trabalhograua\x64\debug\pizzaslice.obj
e:\programação\(cg)trabalhograua\(cg)trabalhograua\x64\debug\pentagon.obj
e:\programação\(cg)trabalhograua\(cg)trabalhograua\x64\debug\pacman.obj
e:\programação\(cg)trabalhograua\(cg)trabalhograua\x64\debug\octagon.obj
e:\programação\(cg)trabalhograua\(cg)trabalhograua\x64\debug\main.obj
e:\programação\(cg)trabalhograua\(cg)trabalhograua\x64\debug\hellotriangle.obj
e:\programação\(cg)trabalhograua\(cg)trabalhograua\x64\debug\hellotransform.obj
e:\programação\(cg)trabalhograua\(cg)trabalhograua\x64\debug\hello2triangles.obj
e:\programação\(cg)trabalhograua\(cg)trabalhograua\x64\debug\triangle.obj
e:\programação\(cg)trabalhograua\(cg)trabalhograua\x64\debug\rectangle.obj
e:\programação\(cg)trabalhograua\(cg)trabalhograua\x64\debug\circle.obj
e:\programação\(cg)trabalhograua\x64\debug\(cg)trabalhograua.exe
e:\programação\(cg)trabalhograua\x64\debug\(cg)trabalhograua.pdb
e:\programação\(cg)trabalhograua\(cg)trabalhograua\x64\debug\(cg)trabalhograua.ilk
e:\programação\(cg)trabalhograua\(cg)trabalhograua\x64\debug\(cg)trab.48d63e27.tlog\cl.command.1.tlog
e:\programação\(cg)trabalhograua\(cg)trabalhograua\x64\debug\(cg)trab.48d63e27.tlog\cl.items.tlog
e:\programação\(cg)trabalhograua\(cg)trabalhograua\x64\debug\(cg)trab.48d63e27.tlog\cl.read.1.tlog
e:\programação\(cg)trabalhograua\(cg)trabalhograua\x64\debug\(cg)trab.48d63e27.tlog\cl.write.1.tlog
e:\programação\(cg)trabalhograua\(cg)trabalhograua\x64\debug\(cg)trab.48d63e27.tlog\link.command.1.tlog
e:\programação\(cg)trabalhograua\(cg)trabalhograua\x64\debug\(cg)trab.48d63e27.tlog\link.read.1.tlog
e:\programação\(cg)trabalhograua\(cg)trabalhograua\x64\debug\(cg)trab.48d63e27.tlog\link.secondary.1.tlog
e:\programação\(cg)trabalhograua\(cg)trabalhograua\x64\debug\(cg)trab.48d63e27.tlog\link.write.1.tlog
